2025-09-24T11:38:34.766+03:00  INFO 80300 --- [main] c.p.inventory.InventoryApplication       : Starting InventoryApplication using Java 24.0.2 with PID 80300 (/Users/shahdyahya/Desktop/Inventory/backend/target/classes started by shahdyahya in /Users/shahdyahya/Desktop/Inventory/backend)
2025-09-24T11:38:34.767+03:00 DEBUG 80300 --- [main] c.p.inventory.InventoryApplication       : Running with Spring Boot v3.5.5, Spring v6.2.10
2025-09-24T11:38:34.768+03:00  INFO 80300 --- [main] c.p.inventory.InventoryApplication       : No active profile set, falling back to 1 default profile: "default"
2025-09-24T11:38:35.092+03:00  INFO 80300 --- [main] .s.d.r.c.RepositoryConfigurationDelegate : Bootstrapping Spring Data JPA repositories in DEFAULT mode.
2025-09-24T11:38:35.123+03:00  INFO 80300 --- [main] .s.d.r.c.RepositoryConfigurationDelegate : Finished Spring Data repository scanning in 26 ms. Found 7 JPA repository interfaces.
2025-09-24T11:38:35.365+03:00  INFO 80300 --- [main] o.s.b.w.embedded.tomcat.TomcatWebServer  : Tomcat initialized with port 3020 (http)
2025-09-24T11:38:35.371+03:00  INFO 80300 --- [main] o.apache.catalina.core.StandardService   : Starting service [Tomcat]
2025-09-24T11:38:35.371+03:00  INFO 80300 --- [main] o.apache.catalina.core.StandardEngine    : Starting Servlet engine: [Apache Tomcat/10.1.44]
2025-09-24T11:38:35.387+03:00  INFO 80300 --- [main] o.a.c.c.C.[Tomcat].[localhost].[/]       : Initializing Spring embedded WebApplicationContext
2025-09-24T11:38:35.388+03:00  INFO 80300 --- [main] w.s.c.ServletWebServerApplicationContext : Root WebApplicationContext: initialization completed in 599 ms
2025-09-24T11:38:35.453+03:00  INFO 80300 --- [main] o.hibernate.jpa.internal.util.LogHelper  : HHH000204: Processing PersistenceUnitInfo [name: default]
2025-09-24T11:38:35.475+03:00  INFO 80300 --- [main] org.hibernate.Version                    : HHH000412: Hibernate ORM core version 6.6.26.Final
2025-09-24T11:38:35.491+03:00  INFO 80300 --- [main] o.h.c.internal.RegionFactoryInitiator    : HHH000026: Second-level cache disabled
2025-09-24T11:38:35.614+03:00  INFO 80300 --- [main] o.s.o.j.p.SpringPersistenceUnitInfo      : No LoadTimeWeaver setup: ignoring JPA class transformer
2025-09-24T11:38:35.627+03:00  INFO 80300 --- [main] com.zaxxer.hikari.HikariDataSource       : HikariPool-1 - Starting...
2025-09-24T11:38:35.747+03:00  INFO 80300 --- [main] com.zaxxer.hikari.pool.HikariPool        : HikariPool-1 - Added connection org.postgresql.jdbc.PgConnection@66e1b2a
2025-09-24T11:38:35.747+03:00  INFO 80300 --- [main] com.zaxxer.hikari.HikariDataSource       : HikariPool-1 - Start completed.
2025-09-24T11:38:35.781+03:00  WARN 80300 --- [main] org.hibernate.orm.deprecation            : HHH90000025: PostgreSQLDialect does not need to be specified explicitly using 'hibernate.dialect' (remove the property setting and it will be selected by default)
2025-09-24T11:38:35.790+03:00  INFO 80300 --- [main] org.hibernate.orm.connections.pooling    : HHH10001005: Database info:
	Database JDBC URL [Connecting through datasource 'HikariDataSource (HikariPool-1)']
	Database driver: undefined/unknown
	Database version: 13.22
	Autocommit mode: undefined/unknown
	Isolation level: undefined/unknown
	Minimum pool size: undefined/unknown
	Maximum pool size: undefined/unknown
2025-09-24T11:38:36.258+03:00  INFO 80300 --- [main] o.h.e.t.j.p.i.JtaPlatformInitiator       : HHH000489: No JTA platform available (set 'hibernate.transaction.jta.platform' to enable JTA platform integration)
2025-09-24T11:38:36.802+03:00  INFO 80300 --- [main] j.LocalContainerEntityManagerFactoryBean : Initialized JPA EntityManagerFactory for persistence unit 'default'
2025-09-24T11:38:36.967+03:00  INFO 80300 --- [main] o.s.d.j.r.query.QueryEnhancerFactory     : Hibernate is in classpath; If applicable, HQL parser will be used.
2025-09-24T11:38:37.222+03:00 DEBUG 80300 --- [main] c.p.i.configs.JwtAuthenticationFilter    : Filter 'jwtAuthenticationFilter' configured for use
2025-09-24T11:38:37.265+03:00  INFO 80300 --- [main] eAuthenticationProviderManagerConfigurer : Global AuthenticationManager configured with AuthenticationProvider bean with name authenticationProvider
2025-09-24T11:38:37.265+03:00  WARN 80300 --- [main] r$InitializeUserDetailsManagerConfigurer : Global AuthenticationManager configured with an AuthenticationProvider bean. UserDetailsService beans will not be used by Spring Security for automatically configuring username/password login. Consider removing the AuthenticationProvider bean. Alternatively, consider using the UserDetailsService in a manually instantiated DaoAuthenticationProvider. If the current configuration is intentional, to turn off this warning, increase the logging level of 'org.springframework.security.config.annotation.authentication.configuration.InitializeUserDetailsBeanManagerConfigurer' to ERROR
2025-09-24T11:38:37.371+03:00  WARN 80300 --- [main] JpaBaseConfiguration$JpaWebConfiguration : spring.jpa.open-in-view is enabled by default. Therefore, database queries may be performed during view rendering. Explicitly configure spring.jpa.open-in-view to disable this warning
2025-09-24T11:38:37.707+03:00  INFO 80300 --- [main] o.s.b.w.embedded.tomcat.TomcatWebServer  : Tomcat started on port 3020 (http) with context path '/'
2025-09-24T11:38:37.711+03:00  INFO 80300 --- [main] c.p.inventory.InventoryApplication       : Started InventoryApplication in 3.156 seconds (process running for 3.486)
2025-09-24T11:38:48.382+03:00  INFO 80300 --- [http-nio-3020-exec-1] o.a.c.c.C.[Tomcat].[localhost].[/]       : Initializing Spring DispatcherServlet 'dispatcherServlet'
2025-09-24T11:38:48.383+03:00  INFO 80300 --- [http-nio-3020-exec-1] o.s.web.servlet.DispatcherServlet        : Initializing Servlet 'dispatcherServlet'
2025-09-24T11:38:48.384+03:00  INFO 80300 --- [http-nio-3020-exec-1] o.s.web.servlet.DispatcherServlet        : Completed initialization in 1 ms
2025-09-24T11:43:16.228+03:00  INFO 80300 --- [SpringApplicationShutdownHook] o.s.b.w.e.tomcat.GracefulShutdown        : Commencing graceful shutdown. Waiting for active requests to complete
2025-09-24T11:43:16.242+03:00  INFO 80300 --- [tomcat-shutdown] o.s.b.w.e.tomcat.GracefulShutdown        : Graceful shutdown complete
2025-09-24T11:43:16.250+03:00  INFO 80300 --- [SpringApplicationShutdownHook] j.LocalContainerEntityManagerFactoryBean : Closing JPA EntityManagerFactory for persistence unit 'default'
2025-09-24T11:43:16.255+03:00  INFO 80300 --- [SpringApplicationShutdownHook] com.zaxxer.hikari.HikariDataSource       : HikariPool-1 - Shutdown initiated...
2025-09-24T11:43:16.257+03:00  INFO 80300 --- [SpringApplicationShutdownHook] com.zaxxer.hikari.HikariDataSource       : HikariPool-1 - Shutdown completed.
2025-09-24T11:43:17.952+03:00  INFO 80402 --- [main] c.p.inventory.InventoryApplication       : Starting InventoryApplication using Java 24.0.2 with PID 80402 (/Users/shahdyahya/Desktop/Inventory/backend/target/classes started by shahdyahya in /Users/shahdyahya/Desktop/Inventory/backend)
2025-09-24T11:43:17.954+03:00  INFO 80402 --- [main] c.p.inventory.InventoryApplication       : No active profile set, falling back to 1 default profile: "default"
2025-09-24T11:43:18.356+03:00  INFO 80402 --- [main] .s.d.r.c.RepositoryConfigurationDelegate : Bootstrapping Spring Data JPA repositories in DEFAULT mode.
2025-09-24T11:43:18.389+03:00  INFO 80402 --- [main] .s.d.r.c.RepositoryConfigurationDelegate : Finished Spring Data repository scanning in 27 ms. Found 7 JPA repository interfaces.
2025-09-24T11:43:18.649+03:00  INFO 80402 --- [main] o.s.b.w.embedded.tomcat.TomcatWebServer  : Tomcat initialized with port 3020 (http)
2025-09-24T11:43:18.656+03:00  INFO 80402 --- [main] o.apache.catalina.core.StandardService   : Starting service [Tomcat]
2025-09-24T11:43:18.656+03:00  INFO 80402 --- [main] o.apache.catalina.core.StandardEngine    : Starting Servlet engine: [Apache Tomcat/10.1.44]
2025-09-24T11:43:18.677+03:00  INFO 80402 --- [main] o.a.c.c.C.[Tomcat].[localhost].[/]       : Initializing Spring embedded WebApplicationContext
2025-09-24T11:43:18.678+03:00  INFO 80402 --- [main] w.s.c.ServletWebServerApplicationContext : Root WebApplicationContext: initialization completed in 697 ms
2025-09-24T11:43:18.753+03:00  INFO 80402 --- [main] o.hibernate.jpa.internal.util.LogHelper  : HHH000204: Processing PersistenceUnitInfo [name: default]
2025-09-24T11:43:18.785+03:00  INFO 80402 --- [main] org.hibernate.Version                    : HHH000412: Hibernate ORM core version 6.6.26.Final
2025-09-24T11:43:18.801+03:00  INFO 80402 --- [main] o.h.c.internal.RegionFactoryInitiator    : HHH000026: Second-level cache disabled
2025-09-24T11:43:18.982+03:00  INFO 80402 --- [main] o.s.o.j.p.SpringPersistenceUnitInfo      : No LoadTimeWeaver setup: ignoring JPA class transformer
2025-09-24T11:43:19.005+03:00  INFO 80402 --- [main] com.zaxxer.hikari.HikariDataSource       : HikariPool-1 - Starting...
2025-09-24T11:43:19.135+03:00  INFO 80402 --- [main] com.zaxxer.hikari.pool.HikariPool        : HikariPool-1 - Added connection org.postgresql.jdbc.PgConnection@53ba7997
2025-09-24T11:43:19.136+03:00  INFO 80402 --- [main] com.zaxxer.hikari.HikariDataSource       : HikariPool-1 - Start completed.
2025-09-24T11:43:19.174+03:00  WARN 80402 --- [main] org.hibernate.orm.deprecation            : HHH90000025: PostgreSQLDialect does not need to be specified explicitly using 'hibernate.dialect' (remove the property setting and it will be selected by default)
2025-09-24T11:43:19.185+03:00  INFO 80402 --- [main] org.hibernate.orm.connections.pooling    : HHH10001005: Database info:
	Database JDBC URL [Connecting through datasource 'HikariDataSource (HikariPool-1)']
	Database driver: undefined/unknown
	Database version: 13.22
	Autocommit mode: undefined/unknown
	Isolation level: undefined/unknown
	Minimum pool size: undefined/unknown
	Maximum pool size: undefined/unknown
2025-09-24T11:43:19.680+03:00  INFO 80402 --- [main] o.h.e.t.j.p.i.JtaPlatformInitiator       : HHH000489: No JTA platform available (set 'hibernate.transaction.jta.platform' to enable JTA platform integration)
2025-09-24T11:43:20.215+03:00  INFO 80402 --- [main] j.LocalContainerEntityManagerFactoryBean : Initialized JPA EntityManagerFactory for persistence unit 'default'
2025-09-24T11:43:20.379+03:00  INFO 80402 --- [main] o.s.d.j.r.query.QueryEnhancerFactory     : Hibernate is in classpath; If applicable, HQL parser will be used.
2025-09-24T11:43:20.687+03:00  INFO 80402 --- [main] eAuthenticationProviderManagerConfigurer : Global AuthenticationManager configured with AuthenticationProvider bean with name authenticationProvider
2025-09-24T11:43:20.687+03:00  WARN 80402 --- [main] r$InitializeUserDetailsManagerConfigurer : Global AuthenticationManager configured with an AuthenticationProvider bean. UserDetailsService beans will not be used by Spring Security for automatically configuring username/password login. Consider removing the AuthenticationProvider bean. Alternatively, consider using the UserDetailsService in a manually instantiated DaoAuthenticationProvider. If the current configuration is intentional, to turn off this warning, increase the logging level of 'org.springframework.security.config.annotation.authentication.configuration.InitializeUserDetailsBeanManagerConfigurer' to ERROR
2025-09-24T11:43:20.791+03:00  WARN 80402 --- [main] JpaBaseConfiguration$JpaWebConfiguration : spring.jpa.open-in-view is enabled by default. Therefore, database queries may be performed during view rendering. Explicitly configure spring.jpa.open-in-view to disable this warning
2025-09-24T11:43:21.137+03:00  INFO 80402 --- [main] o.s.b.w.embedded.tomcat.TomcatWebServer  : Tomcat started on port 3020 (http) with context path '/'
2025-09-24T11:43:21.142+03:00  INFO 80402 --- [main] c.p.inventory.InventoryApplication       : Started InventoryApplication in 3.425 seconds (process running for 3.882)
2025-09-24T11:43:28.437+03:00  INFO 80402 --- [http-nio-3020-exec-1] o.a.c.c.C.[Tomcat].[localhost].[/]       : Initializing Spring DispatcherServlet 'dispatcherServlet'
2025-09-24T11:43:28.438+03:00  INFO 80402 --- [http-nio-3020-exec-1] o.s.web.servlet.DispatcherServlet        : Initializing Servlet 'dispatcherServlet'
2025-09-24T11:43:28.442+03:00  INFO 80402 --- [http-nio-3020-exec-1] o.s.web.servlet.DispatcherServlet        : Completed initialization in 4 ms
2025-09-24T11:47:26.172+03:00  INFO 80402 --- [SpringApplicationShutdownHook] o.s.b.w.e.tomcat.GracefulShutdown        : Commencing graceful shutdown. Waiting for active requests to complete
2025-09-24T11:47:26.184+03:00  INFO 80402 --- [tomcat-shutdown] o.s.b.w.e.tomcat.GracefulShutdown        : Graceful shutdown complete
2025-09-24T11:47:26.195+03:00  INFO 80402 --- [SpringApplicationShutdownHook] j.LocalContainerEntityManagerFactoryBean : Closing JPA EntityManagerFactory for persistence unit 'default'
2025-09-24T11:47:26.199+03:00  INFO 80402 --- [SpringApplicationShutdownHook] com.zaxxer.hikari.HikariDataSource       : HikariPool-1 - Shutdown initiated...
2025-09-24T11:47:26.203+03:00  INFO 80402 --- [SpringApplicationShutdownHook] com.zaxxer.hikari.HikariDataSource       : HikariPool-1 - Shutdown completed.
2025-09-24T11:47:28.703+03:00  INFO 80496 --- [main] c.p.inventory.InventoryApplication       : Starting InventoryApplication using Java 24.0.2 with PID 80496 (/Users/shahdyahya/Desktop/Inventory/backend/target/classes started by shahdyahya in /Users/shahdyahya/Desktop/Inventory/backend)
2025-09-24T11:47:28.704+03:00  INFO 80496 --- [main] c.p.inventory.InventoryApplication       : No active profile set, falling back to 1 default profile: "default"
2025-09-24T11:47:29.056+03:00  INFO 80496 --- [main] .s.d.r.c.RepositoryConfigurationDelegate : Bootstrapping Spring Data JPA repositories in DEFAULT mode.
2025-09-24T11:47:29.087+03:00  INFO 80496 --- [main] .s.d.r.c.RepositoryConfigurationDelegate : Finished Spring Data repository scanning in 23 ms. Found 7 JPA repository interfaces.
2025-09-24T11:47:29.344+03:00  INFO 80496 --- [main] o.s.b.w.embedded.tomcat.TomcatWebServer  : Tomcat initialized with port 3020 (http)
2025-09-24T11:47:29.352+03:00  INFO 80496 --- [main] o.apache.catalina.core.StandardService   : Starting service [Tomcat]
2025-09-24T11:47:29.352+03:00  INFO 80496 --- [main] o.apache.catalina.core.StandardEngine    : Starting Servlet engine: [Apache Tomcat/10.1.44]
2025-09-24T11:47:29.372+03:00  INFO 80496 --- [main] o.a.c.c.C.[Tomcat].[localhost].[/]       : Initializing Spring embedded WebApplicationContext
2025-09-24T11:47:29.372+03:00  INFO 80496 --- [main] w.s.c.ServletWebServerApplicationContext : Root WebApplicationContext: initialization completed in 646 ms
2025-09-24T11:47:29.439+03:00  INFO 80496 --- [main] o.hibernate.jpa.internal.util.LogHelper  : HHH000204: Processing PersistenceUnitInfo [name: default]
2025-09-24T11:47:29.467+03:00  INFO 80496 --- [main] org.hibernate.Version                    : HHH000412: Hibernate ORM core version 6.6.26.Final
2025-09-24T11:47:29.481+03:00  INFO 80496 --- [main] o.h.c.internal.RegionFactoryInitiator    : HHH000026: Second-level cache disabled
2025-09-24T11:47:29.620+03:00  INFO 80496 --- [main] o.s.o.j.p.SpringPersistenceUnitInfo      : No LoadTimeWeaver setup: ignoring JPA class transformer
2025-09-24T11:47:29.634+03:00  INFO 80496 --- [main] com.zaxxer.hikari.HikariDataSource       : HikariPool-1 - Starting...
2025-09-24T11:47:29.751+03:00  INFO 80496 --- [main] com.zaxxer.hikari.pool.HikariPool        : HikariPool-1 - Added connection org.postgresql.jdbc.PgConnection@769b0752
2025-09-24T11:47:29.751+03:00  INFO 80496 --- [main] com.zaxxer.hikari.HikariDataSource       : HikariPool-1 - Start completed.
2025-09-24T11:47:29.791+03:00  WARN 80496 --- [main] org.hibernate.orm.deprecation            : HHH90000025: PostgreSQLDialect does not need to be specified explicitly using 'hibernate.dialect' (remove the property setting and it will be selected by default)
2025-09-24T11:47:29.801+03:00  INFO 80496 --- [main] org.hibernate.orm.connections.pooling    : HHH10001005: Database info:
	Database JDBC URL [Connecting through datasource 'HikariDataSource (HikariPool-1)']
	Database driver: undefined/unknown
	Database version: 13.22
	Autocommit mode: undefined/unknown
	Isolation level: undefined/unknown
	Minimum pool size: undefined/unknown
	Maximum pool size: undefined/unknown
2025-09-24T11:47:30.279+03:00  INFO 80496 --- [main] o.h.e.t.j.p.i.JtaPlatformInitiator       : HHH000489: No JTA platform available (set 'hibernate.transaction.jta.platform' to enable JTA platform integration)
2025-09-24T11:47:30.929+03:00  INFO 80496 --- [main] j.LocalContainerEntityManagerFactoryBean : Initialized JPA EntityManagerFactory for persistence unit 'default'
2025-09-24T11:47:31.102+03:00  INFO 80496 --- [main] o.s.d.j.r.query.QueryEnhancerFactory     : Hibernate is in classpath; If applicable, HQL parser will be used.
2025-09-24T11:47:31.410+03:00  INFO 80496 --- [main] eAuthenticationProviderManagerConfigurer : Global AuthenticationManager configured with AuthenticationProvider bean with name authenticationProvider
2025-09-24T11:47:31.410+03:00  WARN 80496 --- [main] r$InitializeUserDetailsManagerConfigurer : Global AuthenticationManager configured with an AuthenticationProvider bean. UserDetailsService beans will not be used by Spring Security for automatically configuring username/password login. Consider removing the AuthenticationProvider bean. Alternatively, consider using the UserDetailsService in a manually instantiated DaoAuthenticationProvider. If the current configuration is intentional, to turn off this warning, increase the logging level of 'org.springframework.security.config.annotation.authentication.configuration.InitializeUserDetailsBeanManagerConfigurer' to ERROR
2025-09-24T11:47:31.508+03:00  WARN 80496 --- [main] JpaBaseConfiguration$JpaWebConfiguration : spring.jpa.open-in-view is enabled by default. Therefore, database queries may be performed during view rendering. Explicitly configure spring.jpa.open-in-view to disable this warning
2025-09-24T11:47:31.859+03:00  INFO 80496 --- [main] o.s.b.w.embedded.tomcat.TomcatWebServer  : Tomcat started on port 3020 (http) with context path '/'
2025-09-24T11:47:31.863+03:00  INFO 80496 --- [main] c.p.inventory.InventoryApplication       : Started InventoryApplication in 3.387 seconds (process running for 3.774)
2025-09-24T11:47:42.061+03:00  INFO 80496 --- [http-nio-3020-exec-1] o.a.c.c.C.[Tomcat].[localhost].[/]       : Initializing Spring DispatcherServlet 'dispatcherServlet'
2025-09-24T11:47:42.063+03:00  INFO 80496 --- [http-nio-3020-exec-1] o.s.web.servlet.DispatcherServlet        : Initializing Servlet 'dispatcherServlet'
2025-09-24T11:47:42.066+03:00  INFO 80496 --- [http-nio-3020-exec-1] o.s.web.servlet.DispatcherServlet        : Completed initialization in 3 ms
2025-09-24T11:49:50.515+03:00  INFO 80496 --- [SpringApplicationShutdownHook] o.s.b.w.e.tomcat.GracefulShutdown        : Commencing graceful shutdown. Waiting for active requests to complete
2025-09-24T11:49:50.521+03:00  INFO 80496 --- [tomcat-shutdown] o.s.b.w.e.tomcat.GracefulShutdown        : Graceful shutdown complete
2025-09-24T11:49:50.526+03:00  INFO 80496 --- [SpringApplicationShutdownHook] j.LocalContainerEntityManagerFactoryBean : Closing JPA EntityManagerFactory for persistence unit 'default'
2025-09-24T11:49:50.529+03:00  INFO 80496 --- [SpringApplicationShutdownHook] com.zaxxer.hikari.HikariDataSource       : HikariPool-1 - Shutdown initiated...
2025-09-24T11:49:50.531+03:00  INFO 80496 --- [SpringApplicationShutdownHook] com.zaxxer.hikari.HikariDataSource       : HikariPool-1 - Shutdown completed.
